<?xml version="1.0" encoding="UTF-8"?>
<!-- Generated by org.testng.reporters.JUnitReportReporter -->
<testsuite hostname="TomMacBookAir.local" name="com.apigee.test.loginlogout.TestLoginLogout" tests="1" failures="0" timestamp="1 Oct 2013 21:17:58 GMT" time="7.251" errors="0">
  <testcase name="testLoginLogout" time="7.251" classname="com.apigee.test.loginlogout.TestLoginLogout"/>
</testsuite> <!-- com.apigee.test.loginlogout.TestLoginLogout -->
