<?xml version="1.0" encoding="UTF-8"?>
<!-- Generated by org.testng.reporters.JUnitReportReporter -->
<testsuite hostname="TomMacBookAir.local" name="com.apigee.test.appLogsAnalytics.TestAppLogsAnalytics" tests="1" failures="0" timestamp="2 Oct 2013 00:57:09 GMT" time="330.609" errors="0">
  <testcase name="testAppLogsAnalytics" time="330.609" classname="com.apigee.test.appLogsAnalytics.TestAppLogsAnalytics"/>
</testsuite> <!-- com.apigee.test.appLogsAnalytics.TestAppLogsAnalytics -->
