<?xml version="1.0" encoding="UTF-8"?>
<!-- Generated by org.testng.reporters.JUnitReportReporter -->
<testsuite hostname="TomMacBookAir.local" name="com.apigee.test.appLogsAnalytics.TestAppLogsAnalytics" tests="1" failures="0" timestamp="2 Oct 2013 18:23:14 GMT" time="318.601" errors="0">
  <testcase name="testAppLogsAnalytics" time="318.601" classname="com.apigee.test.appLogsAnalytics.TestAppLogsAnalytics"/>
</testsuite> <!-- com.apigee.test.appLogsAnalytics.TestAppLogsAnalytics -->
