<?xml version="1.0" encoding="UTF-8"?>
<!-- Generated by org.testng.reporters.JUnitReportReporter -->
<testsuite hostname="TomMacBookAir.local" name="com.apigee.test.loginlogout.TestLoginLogout" tests="1" failures="0" timestamp="2 Oct 2013 18:17:34 GMT" time="8.474" errors="0">
  <testcase name="testLoginLogout" time="8.474" classname="com.apigee.test.loginlogout.TestLoginLogout"/>
</testsuite> <!-- com.apigee.test.loginlogout.TestLoginLogout -->
