<?xml version="1.0" encoding="UTF-8"?>
<!-- Generated by org.testng.reporters.JUnitReportReporter -->
<testsuite hostname="TomMacBookAir.local" name="com.apigee.test.loginlogout.TestLoginLogout" tests="1" failures="0" timestamp="30 Sep 2013 21:00:04 GMT" time="6.296" errors="0">
  <testcase name="testSendInvite" time="6.296" classname="com.apigee.test.loginlogout.TestLoginLogout"/>
</testsuite> <!-- com.apigee.test.loginlogout.TestLoginLogout -->
