<?xml version="1.0" encoding="UTF-8"?>
<!-- Generated by org.testng.reporters.JUnitReportReporter -->
<testsuite hostname="TomMacBookAir.local" name="com.apigee.test.appMobileAnalytics.TestAppMobileAnalytics" tests="1" failures="0" timestamp="3 Oct 2013 18:09:28 GMT" time="1055.723" errors="0">
  <testcase name="testAppMobileAnalytics" time="1055.723" classname="com.apigee.test.appMobileAnalytics.TestAppMobileAnalytics"/>
</testsuite> <!-- com.apigee.test.appMobileAnalytics.TestAppMobileAnalytics -->
