<?xml version="1.0" encoding="UTF-8"?>
<!-- Generated by org.testng.reporters.JUnitReportReporter -->
<testsuite hostname="TomMacBookAir.local" name="com.apigee.test.appMobileAnalytics.TestAppMobileAnalytics" tests="1" failures="0" timestamp="3 Oct 2013 01:08:57 GMT" time="67.110" errors="0">
  <testcase name="testAppMobileAnalytics" time="67.110" classname="com.apigee.test.appMobileAnalytics.TestAppMobileAnalytics"/>
</testsuite> <!-- com.apigee.test.appMobileAnalytics.TestAppMobileAnalytics -->
