<?xml version="1.0" encoding="UTF-8"?>
<!-- Generated by org.testng.reporters.JUnitReportReporter -->
<testsuite hostname="TomMacBookAir.local" name="com.apigee.test.appMobileAnalytics.TestAppMobileAnalytics" tests="1" failures="0" timestamp="7 Oct 2013 22:56:19 GMT" time="385.459" errors="0">
  <testcase name="testAppMobileAnalytics" time="385.459" classname="com.apigee.test.appMobileAnalytics.TestAppMobileAnalytics"/>
</testsuite> <!-- com.apigee.test.appMobileAnalytics.TestAppMobileAnalytics -->
