<?xml version="1.0" encoding="UTF-8"?>
<!-- Generated by org.testng.reporters.JUnitReportReporter -->
<testsuite hostname="TomMacBookAir.local" name="com.apigee.test.appMobileAnalytics.TestAppMobileAnalytics" tests="1" failures="0" timestamp="21 Oct 2013 22:57:15 GMT" time="56.126" errors="0">
  <testcase name="testAppMobileAnalytics" time="56.126" classname="com.apigee.test.appMobileAnalytics.TestAppMobileAnalytics"/>
</testsuite> <!-- com.apigee.test.appMobileAnalytics.TestAppMobileAnalytics -->
