<?xml version="1.0" encoding="UTF-8"?>
<!-- Generated by org.testng.reporters.JUnitReportReporter -->
<testsuite hostname="TomMacBookAir.local" name="com.apigee.test.pushUI.TestPushNotificationUI" tests="1" failures="0" timestamp="9 Oct 2013 17:57:24 GMT" time="60.338" errors="0">
  <testcase name="testPushNotificationUI" time="60.338" classname="com.apigee.test.pushUI.TestPushNotificationUI"/>
</testsuite> <!-- com.apigee.test.pushUI.TestPushNotificationUI -->
